/bin/startxfce4: Starting X server


X.Org X Server 1.20.7
X Protocol Version 11, Revision 0
Build Operating System: Linux Void
Current Operating System: Linux void-live 5.5.0_1 #1 SMP Wed Feb 19 20:39:42 UTC 2020 aarch64
Kernel command line: console=tty1 root=PARTUUID=16b7e498-02 rw rootwait append video=eDP-1:1920x1080@60
Build Date: 14 January 2020  02:00:55PM
 
Current version of pixman: 0.38.4
	Before reporting problems, check http://wiki.x.org
	to make sure that you have the latest version.
Markers: (--) probed, (**) from config file, (==) default setting,
	(++) from command line, (!!) notice, (II) informational,
	(WW) warning, (EE) error, (NI) not implemented, (??) unknown.
(==) Log file: "/var/log/Xorg.0.log", Time: Sun Mar  1 20:16:36 2020
(==) Using system config directory "/usr/share/X11/xorg.conf.d"
(II) modeset(0): Initializing kms color map for depth 24, 8 bpc.
The XKEYBOARD keymap compiler (xkbcomp) reports:
> Warning:          Unsupported high keycode 372 for name <I372> ignored
>                   X11 cannot support keycodes above 255.
>                   This warning only shows for the first high keycode.
> Internal error:   Could not resolve keysym XF86FullScreen
Errors from xkbcomp are not fatal to the X server
xfce4-session: No GPG agent found

(wrapper-2.0:966): Gtk-WARNING **: 20:16:41.885: Negative content width -1 (allocation 1, extents 1x1) while allocating gadget (node button, owner GtkToggleButton)

(xfce4-session:906): GLib-WARNING **: 20:16:42.130: GChildWatchSource: Exit status of a child process was requested but ECHILD was received by waitpid(). See the documentation of g_child_watch_source_new() for possible causes.

(xfce4-session:906): xfce4-session-WARNING **: 20:16:42.152: Unable to launch "light-locker" (specified by autostart/Light-Locker.desktop): Failed to execute child process “light-locker” (No such file or directory)
Another composite manager is already running (Xfwm4)
03/01/20 20:16:42 - ERROR: Another window manager seems to be running (X error 10)

** (xfdesktop:963): WARNING **: 20:16:42.354: Failed to set the background '/usr/share/backgrounds/xfce/xfce-stripes.png': GDBus.Error:org.freedesktop.DBus.Error.InvalidArgs: No such interface “org.freedesktop.DisplayManager.AccountsService”
Unable to query physical screen size, defaulting to 100 dpi.
To override, set QT_QPA_EGLFS_PHYSICAL_WIDTH and QT_QPA_EGLFS_PHYSICAL_HEIGHT (in millimeters).
QObject::connect: Cannot connect (null)::resumingFromIdle() to KIdleTime::_k_resumingFromIdle()
QObject::connect: Cannot connect (null)::timeoutReached(int) to KIdleTime::_k_timeoutReached(int)
block0: {
	ld_vary_32 0, _, _, _

	sadd.ilt r24.x, u0, #10, _
	smul.inor r31.w, r24, #0, _
	lut.imov 1.xy, _, 0, _
	brx.goto.not _., 2, _, _

} -> block1, block8 from { }

block1: {
	lut.fmul 3.xy, 0, u2, _

	vmul.ieq 4, u0, r26, _ <0xA, 0xB, 0xC, 0xd>
	smul.ine r31.w, u0, #10, _
	lut.imov 5.x, _, 4, _
	brx.goto.not _., 6, _, _

} -> block2, block6 from { block0 }

block2: {
	smul.imov r31.w, _, 5, _
	brx.goto.not _., 5, _, _

} -> block3, block4 from { block1 }

block3: {
	vadd.ffloor 7.xy, 3, #0, _
	lut.frcp 8.x, u2, #0, _

	vadd.fadd 9.xy, 3, 7, _
	lut.frcp 8.y, u2, #0, _

	vmul.fmul r24.xy, 9, 8, _
	vadd.fadd 3.xy, 7, r24, _
	brx.goto _., _, _, _

} -> block5 from { block2 }

block4: {
	lut.fmul 10.xy, u2, #14336, _

	vmul.fmul r24.xy, 10, u2, _
	vadd.fadd 11.xy, r24, #15360, _
	smul.fmov 12.x, _, #0, _

	vmul.imov 12.y, _, 3, _
	sadd.flt r31.w, 3, #0, _
	vadd.icsel 13.xy, 12, 3, 14
	smul.imov 15.x, _, 11, _

	vmul.imov 15.y, _, 3, _
	sadd.flt r31.w, 3, #15360, _
	vadd.icsel 16.xy, 13, 15, 17

	sadd.imov 18.x, _, 16, _
	smul.imov 19.x, _, 18, _
	lut.imov 18.y, _, 11, _

	vmul.imov 19.y, _, 12, _
	sadd.flt r31.w, 16, 12, _
	vadd.icsel 20.xy, 19, 16, 21
	lut.frcp 22.x, u2, #0, _

	sadd.flt r31.w, 16, #15360, _
	vadd.icsel 23.xy, 20, 18, 24
	lut.frcp 22.y, u2, #0, _

	vadd.ffloor 25.x, 3, #0, _
	lut.fmul 26.xy, 23, 22, _

	vmul.fmul r24.x, 25, #14336, _
	vadd.ffloor 27.x, r24, #0, _
	lut.frcp 28.x, u2, #0, _

	vmul.fmul 29.x, 27, #16384, _
	lut.frcp 28.y, u2, #0, _

	sadd.fadd 30.x, 25, 29, _
	vadd.fadd 31.xy, 3, 25, _
	lut.frcp 28.z, u2, #0, _

	vadd.fadd 32.x, 31, #15360, _
	lut.frcp 28.w, u2, #0, _

	vmul.fmul r24.x, 32, 28, _
	vadd.fadd 33.x, r24, #16384, _
	smul.fmul 34.x, 31, 28, _
	lut.imov 33.y, _, 3, _

	vmul.imov 34.y, _, 3, _
	sadd.flt r31.w, 30, r26, _ <-0.999000, 0.000000, 0.000000, 0.000000>
	vadd.icsel 35.xy, 33, 34, 36

	sadd.ffloor 37.x, 35, #0, _
	vadd.fadd 38.xy, 35, 37, _
	smul.fmul 39.x, 37, #14336, _

	sadd.ffloor r24.x, 39, #0, _
	vadd.fadd 40.x, 38, #15360, _
	smul.fmul 41.x, r24, #16384, _

	vmul.fmul r24.x, 40, 28, _
	sadd.fadd 42.x, 37, 41, _
	vadd.fadd 43.y, r24, #16384, _
	smul.fmul 44.y, 38, 28, _
	lut.imov 43.x, _, 35, _

	vmul.imov 44.x, _, 43, _
	sadd.flt r31.w, 42, r26, _ <-0.999000, 0.000000, 0.000000, 0.000000>
	vadd.icsel 45.xy, 43, 44, 46

	sadd.imov r31.w, _, 4, _
	vadd.icsel 47.xy, 45, 3, 4

	sadd.imov r31.w, _, 4, _
	vadd.icsel 3.xy, 26, 47, 4

} -> block5 from { block2 }

block5: {
} -> block7 from { block4 block3 }

block6: {
} -> block7 from { block1 }

block7: {
	vmul.flt 48.xy, 3, #0, _
	vadd.flt 49.xy, 3, #15360, _

	vmul.inor 50.xy, 49, #0, _
	vadd.ffloor 51.xy, 3, #0, _
	smul.ior 52.x, 48, 50, _
	lut.frcp 53.x, u2, #0, _

	sadd.ior r24.x, 52, 48, _
	vadd.fadd 54.xy, 3, 51, _
	smul.ior 55.x, r24, 50, _
	lut.frcp 53.y, u2, #0, _

	vmul.fmul r24.xy, 54, 53, _
	sadd.imov r31.w, _, 55, _
	vadd.icsel 56.xy, 3, r24, 55
	smul.imov 57.x, _, 55, _

	vmul.inor r24.x, 57, #0, _
	sadd.imov r31.w, _, 4, _
	smul.icsel 58.x, r24, r26, 4 <0xFFFFFFFF, 0x0, 0x0, 0x0>

	sadd.imov r31.w, _, 4, _
	vadd.icsel 1.xy, 56, 3, 4
	smul.fmov 59.w, _, #0, _
	brx.goto _., _, _, _

} -> block9 from { block6 block5 }

block8: {
	smul.fmov 59.w, _, #0, _
	lut.imov 58.x, _, r26, _ <0xFFFFFFFF, 0x0, 0x0, 0x0>

} -> block9 from { block0 }

block9: {
	smul.imov r31.w, _, 58, _
	brx.goto.not _., 58, _, _

} -> block10, block11 from { block7 block8 }

block10: {
	vmul.imov 60.xy, _, 1, _ /* no spill */

	texture 61.w, 60, _, _

	vmul.imov 62, _, 61, _ /* no spill */

	lut.imov 59, _, 62, _

} -> block12 from { block9 }

block11: {
} -> block12 from { block9 }

block12: {
	sadd.ilt r24.x, u1, #10, _
	smul.inor r31.w, r24, #0, _
	lut.imov 63.xy, _, 0, _
	brx.goto.not _., 64, _, _

} -> block13, block20 from { block11 block10 }

block13: {
	lut.fmul 65.xy, 0, u3, _

	vmul.ieq 66, u1, r26, _ <0xA, 0xB, 0xC, 0xd>
	smul.ine r31.w, u1, #10, _
	lut.imov 67.x, _, 66, _
	brx.goto.not _., 68, _, _

} -> block14, block18 from { block12 }

block14: {
	smul.imov r31.w, _, 67, _
	brx.goto.not _., 67, _, _

} -> block15, block16 from { block13 }

block15: {
	vadd.ffloor 69.xy, 65, #0, _
	lut.frcp 70.x, u3, #0, _

	vadd.fadd 71.xy, 65, 69, _
	lut.frcp 70.y, u3, #0, _

	vmul.fmul r24.xy, 71, 70, _
	vadd.fadd 65.xy, 69, r24, _
	brx.goto _., _, _, _

} -> block17 from { block14 }

block16: {
	lut.fmul 72.xy, u3, #14336, _

	vmul.fmul r24.xy, 72, u3, _
	vadd.fadd 73.xy, r24, #15360, _
	smul.fmov 74.x, _, #0, _

	vmul.imov 74.y, _, 65, _
	sadd.flt r31.w, 65, #0, _
	vadd.icsel 75.xy, 74, 65, 76
	smul.imov 77.x, _, 73, _

	vmul.imov 77.y, _, 65, _
	sadd.flt r31.w, 65, #15360, _
	vadd.icsel 78.xy, 75, 77, 79

	sadd.imov 80.x, _, 78, _
	smul.imov 81.x, _, 80, _
	lut.imov 80.y, _, 73, _

	vmul.imov 81.y, _, 74, _
	sadd.flt r31.w, 78, 74, _
	vadd.icsel 82.xy, 81, 78, 83
	lut.frcp 84.x, u3, #0, _

	sadd.flt r31.w, 78, #15360, _
	vadd.icsel 85.xy, 82, 80, 86
	lut.frcp 84.y, u3, #0, _

	vadd.ffloor 87.x, 65, #0, _
	lut.fmul 88.xy, 85, 84, _

	vmul.fmul r24.x, 87, #14336, _
	vadd.ffloor 89.x, r24, #0, _
	lut.frcp 90.x, u3, #0, _

	vmul.fmul 91.x, 89, #16384, _
	lut.frcp 90.y, u3, #0, _

	sadd.fadd 92.x, 87, 91, _
	vadd.fadd 93.xy, 65, 87, _
	lut.frcp 90.z, u3, #0, _

	vadd.fadd 94.x, 93, #15360, _
	lut.frcp 90.w, u3, #0, _

	vmul.fmul r24.x, 94, 90, _
	vadd.fadd 95.x, r24, #16384, _
	smul.fmul 96.x, 93, 90, _
	lut.imov 95.y, _, 65, _

	vmul.imov 96.y, _, 65, _
	sadd.flt r31.w, 92, r26, _ <-0.999000, 0.000000, 0.000000, 0.000000>
	vadd.icsel 97.xy, 95, 96, 98

	sadd.ffloor 99.x, 97, #0, _
	vadd.fadd 100.xy, 97, 99, _
	smul.fmul 101.x, 99, #14336, _

	sadd.ffloor r24.x, 101, #0, _
	vadd.fadd 102.x, 100, #15360, _
	smul.fmul 103.x, r24, #16384, _

	vmul.fmul r24.x, 102, 90, _
	sadd.fadd 104.x, 99, 103, _
	vadd.fadd 105.y, r24, #16384, _
	smul.fmul 106.y, 100, 90, _
	lut.imov 105.x, _, 97, _

	vmul.imov 106.x, _, 105, _
	sadd.flt r31.w, 104, r26, _ <-0.999000, 0.000000, 0.000000, 0.000000>
	vadd.icsel 107.xy, 105, 106, 108

	sadd.imov r31.w, _, 66, _
	vadd.icsel 109.xy, 107, 65, 66

	sadd.imov r31.w, _, 66, _
	vadd.icsel 65.xy, 88, 109, 66

} -> block17 from { block14 }

block17: {
} -> block19 from { block15 block16 }

block18: {
} -> block19 from { block13 }

block19: {
	vmul.flt 110.xy, 65, #0, _
	vadd.flt 111.xy, 65, #15360, _

	vmul.inor 112.xy, 111, #0, _
	vadd.ffloor 113.xy, 65, #0, _
	smul.ior 114.x, 110, 112, _
	lut.frcp 115.x, u3, #0, _

	sadd.ior r24.x, 114, 110, _
	vadd.fadd 116.xy, 65, 113, _
	smul.ior 117.x, r24, 112, _
	lut.frcp 115.y, u3, #0, _

	vmul.fmul r24.xy, 116, 115, _
	sadd.imov r31.w, _, 117, _
	vadd.icsel 118.xy, 65, r24, 117
	smul.imov 119.x, _, 117, _

	vmul.inor r24.x, 119, #0, _
	sadd.imov r31.w, _, 66, _
	smul.icsel 120.x, r24, r26, 66 <0xFFFFFFFF, 0x0, 0x0, 0x0>

	sadd.imov r31.w, _, 66, _
	vadd.icsel 63.xy, 118, 65, 66
	smul.fmov 121.w, _, #0, _
	brx.goto _., _, _, _

} -> block21 from { block18 block17 }

block20: {
	smul.fmov 121.w, _, #0, _
	lut.imov 120.x, _, r26, _ <0xFFFFFFFF, 0x0, 0x0, 0x0>

} -> block21 from { block12 }

block21: {
	smul.imov r31.w, _, 120, _
	brx.goto.not _., 120, _, _

} -> block22, block23 from { block19 block20 }

block22: {
(EE) Segmentation fault at address 0xaadae85bf778
(EE) 
Fatal server error:
(EE) Caught signal 11 (Segmentation fault). Server aborting
(EE) 
(EE) 
Please consult the The X.Org Foundation support 
	 at http://wiki.x.org
 for help. 
(EE) Please also check the log file at "/var/log/Xorg.0.log" for additional information.
(EE) 
(II) AIGLX: Suspending AIGLX clients for VT switch
(EE) Server terminated with error (1). Closing log file.
Gdk-Message: 20:16:45.147: xfce4-screensaver: Fatal IO error 11 (Resource temporarily unavailable) on X server :0.0.

Gdk-Message: 20:16:45.148: xfce-polkit: Fatal IO error 11 (Resource temporarily unavailable) on X server :0.0.

Gdk-Message: 20:16:45.151: wrapper-2.0: Fatal IO error 11 (Resource temporarily unavailable) on X server :0.0.

Gdk-Message: 20:16:45.151: xfce4-panel: Fatal IO error 11 (Resource temporarily unavailable) on X server :0.0.

Gdk-Message: 20:16:45.153: wrapper-2.0: Fatal IO error 11 (Resource temporarily unavailable) on X server :0.0.

Gdk-Message: 20:16:45.154: xfsettingsd: Fatal IO error 11 (Resource temporarily unavailable) on X server :0.0.

Gdk-Message: 20:16:45.155: xfce4-session: Fatal IO error 11 (Resource temporarily unavailable) on X server :0.

Gdk-Message: 20:16:45.160: Thunar: Fatal IO error 11 (Resource temporarily unavailable) on X server :0.

Gdk-Message: 20:16:45.162: xfwm4: Fatal IO error 11 (Resource temporarily unavailable) on X server :0.0.

Gdk-Message: 20:16:45.165: xfdesktop: Fatal IO error 11 (Resource temporarily unavailable) on X server :0.0.

Gdk-Message: 20:16:45.166: wrapper-2.0: Fatal IO error 11 (Resource temporarily unavailable) on X server :0.0.

xinit: connection to X server lost

waiting for X server to shut down 
